python3/3.10.5(24):ERROR:105: Unable to locate a modulefile for 'python3/3.10.5/gcc-9.3.0m'
slurmstepd: error: execve(): python: No such file or directory
srun: error: node121: task 0: Exited with exit code 2
